<?xml version="1.0" encoding="UTF-8"?>
<!-- Generated by org.testng.reporters.JUnitXMLReporter -->
<testsuite ignored="0" hostname="DESKTOP-DU52B3D" failures="0" tests="3" name="tests" time="0.083" errors="0" timestamp="2023-04-06T09:44:34 IST">
  <testcase classname="com.sgtesting.tests.Users" name="method1" time="0.013"/>
  <testcase classname="com.sgtesting.tests.Users" name="method2" time="0.002"/>
  <testcase classname="com.sgtesting.tests.Users" name="method3" time="0.001"/>
</testsuite> <!-- tests -->
